生成启动时间为 2016/9/7 23:38:31。
     1>项目“D:\SW-Engine\Build-Win32\framework\framework.vcxproj”在节点 2 上(Build 个目标)。
     1>ClCompile:
         C:\Program Files (x86)\Microsoft Visual Studio 12.0\VC\bin\CL.exe /c /I"D:\SW-Engine\external\include" /I"D:\SW-Engine\external\glm-0.9.6.3" /I\include /nologo /W3 /WX- /O2 /Ob2 /Oy- /D WIN32 /D _WINDOWS /D NDEBUG /D "CMAKE_INTDIR=\"Release\"" /D _MBCS /Gm- /EHsc /MD /GS /fp:precise /Zc:wchar_t /Zc:forScope /GR /Fo"framework.dir\Release\\" /Fd"framework.dir\Release\vc120.pdb" /Gd /TP /analyze- /errorReport:prompt ..\..\framework\File.cpp "D:\SW-Engine\framework\Application.cpp" "D:\SW-Engine\framework\Camera.cpp" "D:\SW-Engine\framework\EGLWindow.cpp" "D:\SW-Engine\framework\Font.cpp" "D:\SW-Engine\framework\PlatformWindows.cpp" "D:\SW-Engine\framework\Timer.cpp" "D:\SW-Engine\framework\Util.cpp" "D:\SW-Engine\framework\component.cpp" "D:\SW-Engine\framework\texture.cpp" "D:\SW-Engine\framework\window.cpp"
         File.cpp
         Application.cpp
         Camera.cpp
         EGLWindow.cpp
         Font.cpp
         PlatformWindows.cpp
         Timer.cpp
     1>d:\sw-engine\framework\Timer.h(60): warning C4244: “return”: 从“f64”转换到“s32”，可能丢失数据
     1>D:\SW-Engine\framework\Timer.cpp(141): warning C4244: “=”: 从“f32”转换到“u32”，可能丢失数据
     1>D:\SW-Engine\framework\Timer.cpp(143): warning C4244: “*=”: 从“f32”转换到“u32”，可能丢失数据
         Util.cpp
         component.cpp
         texture.cpp
         window.cpp
         正在生成代码...
       Lib:
         C:\Program Files (x86)\Microsoft Visual Studio 12.0\VC\bin\Lib.exe /OUT:"D:\SW-Engine\lib\Release\framework.lib" /NOLOGO  /machine:X86 framework.dir\Release\File.obj
         framework.dir\Release\Application.obj
         framework.dir\Release\Camera.obj
         framework.dir\Release\component.obj
         framework.dir\Release\EGLWindow.obj
         framework.dir\Release\entity.obj
         framework.dir\Release\Font.obj
         framework.dir\Release\Program.obj
         framework.dir\Release\Shader.obj
         framework.dir\Release\Mesh.obj
         framework.dir\Release\PlatformWindows.obj
         framework.dir\Release\Render.obj
         framework.dir\Release\ResourceManger.obj
         framework.dir\Release\texture.obj
         framework.dir\Release\Timer.obj
         framework.dir\Release\Util.obj
         framework.dir\Release\window.obj
         framework.vcxproj -> D:\SW-Engine\lib\Release\framework.lib
     1>已完成生成项目“D:\SW-Engine\Build-Win32\framework\framework.vcxproj”(Build 个目标)的操作。

生成成功。

已用时间 00:00:07.55
